adapter_nsrst_assert_width: 100

0
debug_level: 2

Info : Listening on port 6666 for tcl connections
Info : Listening on port 4444 for telnet connections
Info : CMSIS-DAP: SWD  Supported
Info : CMSIS-DAP: JTAG Supported
Info : CMSIS-DAP: FW Version = 2.0.0
Info : CMSIS-DAP: Interface Initialised (JTAG)
Info : SWCLK/TCK = 1 SWDIO/TMS = 1 TDI = 1 TDO = 0 nTRST = 0 nRESET = 1
Info : CMSIS-DAP: Interface ready
Info : clock speed 1000 kHz
Info : cmsis-dap JTAG TLR_RESET
Info : cmsis-dap JTAG TLR_RESET
Info : JTAG tap: riscv.cpu tap/device found: 0x1e200a6d (mfg: 0x536 (Nuclei System Technology Co.,Ltd.), part: 0xe200, ver: 0x1)
Warn : JTAG tap: riscv.cpu       UNEXPECTED: 0x1e200a6d (mfg: 0x536 (Nuclei System Technology Co.,Ltd.), part: 0xe200, ver: 0x1)
Error: JTAG tap: riscv.cpu  expected 1 of 1: 0x1000563d (mfg: 0x31e (Andes Technology Corporation), part: 0x0005, ver: 0x1)
Info : JTAG tap: auto0.tap tap/device found: 0x790007a3 (mfg: 0x3d1 (GigaDevice Semiconductor (Beijing)), part: 0x9000, ver: 0x7)
Error: Trying to use configured scan chain anyway...
Warn : AUTO auto0.tap - use "jtag newtap auto0 tap -irlen 5 -expected-id 0x790007a3"
Warn : Bypassing JTAG setup events due to errors
Info : datacount=4 progbufsize=2
Info : Examined RISC-V core; found 1 harts
Info :  hart 0: XLEN=32, misa=0x40901105
Info : accepting 'gdb' connection from pipe
Info : cmsis-dap JTAG TLR_RESET
Info : cmsis-dap JTAG TLR_RESET
Info : cmsis-dap JTAG TLR_RESET
Info : JTAG tap: riscv.cpu tap/device found: 0x1e200a6d (mfg: 0x536 (Nuclei System Technology Co.,Ltd.), part: 0xe200, ver: 0x1)
Warn : JTAG tap: riscv.cpu       UNEXPECTED: 0x1e200a6d (mfg: 0x536 (Nuclei System Technology Co.,Ltd.), part: 0xe200, ver: 0x1)
Error: JTAG tap: riscv.cpu  expected 1 of 1: 0x1000563d (mfg: 0x31e (Andes Technology Corporation), part: 0x0005, ver: 0x1)
Info : JTAG tap: auto0.tap tap/device found: 0x790007a3 (mfg: 0x3d1 (GigaDevice Semiconductor (Beijing)), part: 0x9000, ver: 0x7)
Error: Trying to use configured scan chain anyway...
Warn : Bypassing JTAG setup events due to errors
Info : dropped 'gdb' connection
