> Executing task in folder stm32bluepill-mynewt-sensor: cmd /c " scripts\build-app.cmd && echo ✅ ◾ ️Done! " <


c:\stm32bluepill-mynewt-sensor>newt\newt.exe build bluepill_my_sensor 
WARNING: Version mismatch in mcuboot:adf57829dc8cbeb5d33954dd4395b342e575213d; repository.yml:[1.3.0], version.yml:0.0.0
Building target targets/bluepill_my_sensor
Compiling bin/targets/bluepill_my_sensor/generated/src/bluepill_my_sensor-sysdown-app.c
Compiling bin/targets/bluepill_my_sensor/generated/src/bluepill_my_sensor-sysflash.c
Compiling apps/my_sensor_app/src/geolocate.c
Compiling apps/my_sensor_app/src/vsscanf.c
Compiling apps/my_sensor_app/src/support.c
Compiling apps/my_sensor_app/src/main.c
Compiling bin/targets/bluepill_my_sensor/generated/src/bluepill_my_sensor-sysinit-app.c
Compiling apps/my_sensor_app/src/network.c
Compiling apps/my_sensor_app/src/sensor.c
Compiling repos/apache-mynewt-core/crypto/tinycrypt/src/aes_decrypt.c
Compiling repos/apache-mynewt-core/crypto/tinycrypt/src/aes_encrypt.c
Compiling repos/apache-mynewt-core/crypto/tinycrypt/src/cbc_mode.c
Compiling repos/apache-mynewt-core/crypto/tinycrypt/src/ccm_mode.c
Compiling repos/apache-mynewt-core/crypto/tinycrypt/src/cmac_mode.c
Compiling repos/apache-mynewt-core/crypto/tinycrypt/src/ctr_mode.c
Compiling repos/apache-mynewt-core/crypto/tinycrypt/src/ctr_prng.c
Compiling repos/apache-mynewt-core/crypto/tinycrypt/src/ecc_dh.c
Compiling repos/apache-mynewt-core/crypto/tinycrypt/src/ecc.c
Compiling repos/apache-mynewt-core/crypto/tinycrypt/src/ecc_platform_specific.c
Compiling repos/apache-mynewt-core/crypto/tinycrypt/src/ecc_dsa.c
Compiling repos/apache-mynewt-core/crypto/tinycrypt/src/hmac_prng.c
Compiling repos/apache-mynewt-core/crypto/tinycrypt/src/hmac.c
Compiling repos/apache-mynewt-core/crypto/tinycrypt/src/mynewt.c
Compiling repos/apache-mynewt-core/crypto/tinycrypt/src/sha256.c
Compiling repos/apache-mynewt-core/crypto/tinycrypt/src/utils.c
Compiling repos/apache-mynewt-core/encoding/json/src/json_decode.c
Compiling repos/apache-mynewt-core/encoding/json/src/json_encode.c
Compiling repos/apache-mynewt-core/encoding/cborattr/src/cborattr.c
Compiling repos/apache-mynewt-core/encoding/tinycbor/src/cbor_buf_reader.c
Compiling repos/apache-mynewt-core/encoding/tinycbor/src/cbor_buf_writer.c
Compiling repos/apache-mynewt-core/encoding/tinycbor/src/cbor_mbuf_reader.c
Compiling repos/apache-mynewt-core/encoding/tinycbor/src/cborencoder.c
Compiling repos/apache-mynewt-core/encoding/tinycbor/src/cbor_mbuf_writer.c
Compiling repos/apache-mynewt-core/encoding/tinycbor/src/cborencoder_close_container_checked.c
Compiling repos/apache-mynewt-core/encoding/tinycbor/src/cborerrorstrings.c
Compiling repos/apache-mynewt-core/encoding/tinycbor/src/cborparser_dup_string.c
Compiling repos/apache-mynewt-core/encoding/tinycbor/src/cborparser.c
Compiling repos/apache-mynewt-core/encoding/tinycbor/src/cborpretty.c
Compiling repos/apache-mynewt-core/encoding/tinycbor/src/cbortojson.c
Compiling repos/apache-mynewt-core/encoding/tinycbor/src/open_memstream.c
Assembling repos/apache-mynewt-core/hw/bsp/bluepill/src/arch/cortex_m3/startup_stm32f103xb.s
Compiling repos/apache-mynewt-core/hw/bsp/bluepill/src/system_stm32f1xx.c
Compiling repos/apache-mynewt-core/hw/bsp/bluepill/src/hal_bsp.c
Compiling repos/apache-mynewt-core/hw/cmsis-core/src/cmsis_nvic.c
Compiling repos/apache-mynewt-core/hw/drivers/uart/src/uart.c
Compiling repos/apache-mynewt-core/hw/drivers/adc/src/adc.c
Compiling repos/apache-mynewt-core/hw/hal/src/hal_common.c
Compiling repos/apache-mynewt-core/hw/drivers/uart/uart_hal/src/uart_hal.c
Compiling repos/apache-mynewt-core/hw/hal/src/hal_flash.c
Compiling repos/apache-mynewt-core/hw/mcu/stm/stm32_common/src/hal_gpio.c
Compiling repos/apache-mynewt-core/hw/mcu/stm/stm32_common/src/hal_flash.c
Compiling repos/apache-mynewt-core/hw/mcu/stm/stm32_common/src/hal_nvreg.c
Compiling repos/apache-mynewt-core/hw/mcu/stm/stm32_common/src/hal_i2c.c
Compiling repos/apache-mynewt-core/hw/mcu/stm/stm32_common/src/hal_os_tick.c
Compiling repos/apache-mynewt-core/hw/mcu/stm/stm32_common/src/hal_system.c
Compiling repos/apache-mynewt-core/hw/mcu/stm/stm32_common/src/hal_spi.c
Compiling repos/apache-mynewt-core/hw/mcu/stm/stm32_common/src/hal_system_start.c
Compiling repos/apache-mynewt-core/hw/mcu/stm/stm32_common/src/hal_watchdog.c
Compiling repos/apache-mynewt-core/hw/mcu/stm/stm32_common/src/hal_uart.c
Compiling repos/apache-mynewt-core/hw/mcu/stm/stm32_common/src/hal_timer.c
Compiling repos/apache-mynewt-core/hw/mcu/stm/stm32_common/src/sbrk.c
Compiling repos/apache-mynewt-core/hw/mcu/stm/stm32_common/src/stm32_driver_mod_i2c_v1.c
Compiling repos/apache-mynewt-core/hw/mcu/stm/stm32_common/src/stm32_driver_mod_i2c_v2.c
Compiling repos/apache-mynewt-core/hw/mcu/stm/stm32_common/src/stm32_driver_mod_spi.c
Compiling repos/apache-mynewt-core/hw/mcu/stm/stm32_common/src/stm32_driver_mod_timer.c
Compiling repos/apache-mynewt-core/hw/mcu/stm/stm32_common/src/stm32_hw_id.c
Compiling repos/apache-mynewt-core/hw/mcu/stm/stm32f1xx/src/ext/Drivers/STM32F1xx_HAL_Driver/Src/stm32f1xx_hal.c
Compiling repos/apache-mynewt-core/hw/mcu/stm/stm32f1xx/src/ext/Drivers/STM32F1xx_HAL_Driver/Src/stm32f1xx_hal_adc.c
Compiling repos/apache-mynewt-core/hw/mcu/stm/stm32f1xx/src/ext/Drivers/STM32F1xx_HAL_Driver/Src/stm32f1xx_hal_adc_ex.c
Compiling repos/apache-mynewt-core/hw/mcu/stm/stm32f1xx/src/ext/Drivers/STM32F1xx_HAL_Driver/Src/stm32f1xx_hal_cec.c
Compiling repos/apache-mynewt-core/hw/mcu/stm/stm32f1xx/src/ext/Drivers/STM32F1xx_HAL_Driver/Src/stm32f1xx_hal_can.c
Compiling repos/apache-mynewt-core/hw/mcu/stm/stm32f1xx/src/ext/Drivers/STM32F1xx_HAL_Driver/Src/stm32f1xx_hal_cortex.c
Compiling repos/apache-mynewt-core/hw/mcu/stm/stm32f1xx/src/ext/Drivers/STM32F1xx_HAL_Driver/Src/stm32f1xx_hal_crc.c
Compiling repos/apache-mynewt-core/hw/mcu/stm/stm32f1xx/src/ext/Drivers/STM32F1xx_HAL_Driver/Src/stm32f1xx_hal_dac.c
Compiling repos/apache-mynewt-core/hw/mcu/stm/stm32f1xx/src/ext/Drivers/STM32F1xx_HAL_Driver/Src/stm32f1xx_hal_dac_ex.c
Compiling repos/apache-mynewt-core/hw/mcu/stm/stm32f1xx/src/ext/Drivers/STM32F1xx_HAL_Driver/Src/stm32f1xx_hal_eth.c
Compiling repos/apache-mynewt-core/hw/mcu/stm/stm32f1xx/src/ext/Drivers/STM32F1xx_HAL_Driver/Src/stm32f1xx_hal_dma.c
Compiling repos/apache-mynewt-core/hw/mcu/stm/stm32f1xx/src/ext/Drivers/STM32F1xx_HAL_Driver/Src/stm32f1xx_hal_flash.c
Compiling repos/apache-mynewt-core/hw/mcu/stm/stm32f1xx/src/ext/Drivers/STM32F1xx_HAL_Driver/Src/stm32f1xx_hal_flash_ex.c
Compiling repos/apache-mynewt-core/hw/mcu/stm/stm32f1xx/src/ext/Drivers/STM32F1xx_HAL_Driver/Src/stm32f1xx_hal_gpio.c
Compiling repos/apache-mynewt-core/hw/mcu/stm/stm32f1xx/src/ext/Drivers/STM32F1xx_HAL_Driver/Src/stm32f1xx_hal_gpio_ex.c
Compiling repos/apache-mynewt-core/hw/mcu/stm/stm32f1xx/src/ext/Drivers/STM32F1xx_HAL_Driver/Src/stm32f1xx_hal_hcd.c
Compiling repos/apache-mynewt-core/hw/mcu/stm/stm32f1xx/src/ext/Drivers/STM32F1xx_HAL_Driver/Src/stm32f1xx_hal_i2c.c
Compiling repos/apache-mynewt-core/hw/mcu/stm/stm32f1xx/src/ext/Drivers/STM32F1xx_HAL_Driver/Src/stm32f1xx_hal_i2s.c
Compiling repos/apache-mynewt-core/hw/mcu/stm/stm32f1xx/src/ext/Drivers/STM32F1xx_HAL_Driver/Src/stm32f1xx_hal_irda.c
Compiling repos/apache-mynewt-core/hw/mcu/stm/stm32f1xx/src/ext/Drivers/STM32F1xx_HAL_Driver/Src/stm32f1xx_hal_iwdg.c
Compiling repos/apache-mynewt-core/hw/mcu/stm/stm32f1xx/src/ext/Drivers/STM32F1xx_HAL_Driver/Src/stm32f1xx_hal_mmc.c
Compiling repos/apache-mynewt-core/hw/mcu/stm/stm32f1xx/src/ext/Drivers/STM32F1xx_HAL_Driver/Src/stm32f1xx_hal_nand.c
Compiling repos/apache-mynewt-core/hw/mcu/stm/stm32f1xx/src/ext/Drivers/STM32F1xx_HAL_Driver/Src/stm32f1xx_hal_nor.c
Compiling repos/apache-mynewt-core/hw/mcu/stm/stm32f1xx/src/ext/Drivers/STM32F1xx_HAL_Driver/Src/stm32f1xx_hal_pccard.c
Compiling repos/apache-mynewt-core/hw/mcu/stm/stm32f1xx/src/ext/Drivers/STM32F1xx_HAL_Driver/Src/stm32f1xx_hal_pcd.c
Compiling repos/apache-mynewt-core/hw/mcu/stm/stm32f1xx/src/ext/Drivers/STM32F1xx_HAL_Driver/Src/stm32f1xx_hal_pcd_ex.c
Compiling repos/apache-mynewt-core/hw/mcu/stm/stm32f1xx/src/ext/Drivers/STM32F1xx_HAL_Driver/Src/stm32f1xx_hal_pwr.c
Compiling repos/apache-mynewt-core/hw/mcu/stm/stm32f1xx/src/ext/Drivers/STM32F1xx_HAL_Driver/Src/stm32f1xx_hal_rcc.c
Compiling repos/apache-mynewt-core/hw/mcu/stm/stm32f1xx/src/ext/Drivers/STM32F1xx_HAL_Driver/Src/stm32f1xx_hal_rcc_ex.c
Compiling repos/apache-mynewt-core/hw/mcu/stm/stm32f1xx/src/ext/Drivers/STM32F1xx_HAL_Driver/Src/stm32f1xx_hal_rtc.c
Compiling repos/apache-mynewt-core/hw/mcu/stm/stm32f1xx/src/ext/Drivers/STM32F1xx_HAL_Driver/Src/stm32f1xx_hal_sd.c
Compiling repos/apache-mynewt-core/hw/mcu/stm/stm32f1xx/src/ext/Drivers/STM32F1xx_HAL_Driver/Src/stm32f1xx_hal_rtc_ex.c
Compiling repos/apache-mynewt-core/hw/mcu/stm/stm32f1xx/src/ext/Drivers/STM32F1xx_HAL_Driver/Src/stm32f1xx_hal_smartcard.c
Compiling repos/apache-mynewt-core/hw/mcu/stm/stm32f1xx/src/ext/Drivers/STM32F1xx_HAL_Driver/Src/stm32f1xx_hal_spi.c
Compiling repos/apache-mynewt-core/hw/mcu/stm/stm32f1xx/src/ext/Drivers/STM32F1xx_HAL_Driver/Src/stm32f1xx_hal_spi_ex.c
Compiling repos/apache-mynewt-core/hw/mcu/stm/stm32f1xx/src/ext/Drivers/STM32F1xx_HAL_Driver/Src/stm32f1xx_hal_sram.c
Compiling repos/apache-mynewt-core/hw/mcu/stm/stm32f1xx/src/ext/Drivers/STM32F1xx_HAL_Driver/Src/stm32f1xx_hal_tim.c
Compiling repos/apache-mynewt-core/hw/mcu/stm/stm32f1xx/src/ext/Drivers/STM32F1xx_HAL_Driver/Src/stm32f1xx_hal_tim_ex.c
Compiling repos/apache-mynewt-core/hw/mcu/stm/stm32f1xx/src/ext/Drivers/STM32F1xx_HAL_Driver/Src/stm32f1xx_hal_uart.c
Compiling repos/apache-mynewt-core/hw/mcu/stm/stm32f1xx/src/ext/Drivers/STM32F1xx_HAL_Driver/Src/stm32f1xx_hal_usart.c
Compiling repos/apache-mynewt-core/hw/mcu/stm/stm32f1xx/src/ext/Drivers/STM32F1xx_HAL_Driver/Src/stm32f1xx_hal_wwdg.c
Compiling repos/apache-mynewt-core/hw/mcu/stm/stm32f1xx/src/ext/Drivers/STM32F1xx_HAL_Driver/Src/stm32f1xx_ll_adc.c
Compiling repos/apache-mynewt-core/hw/mcu/stm/stm32f1xx/src/ext/Drivers/STM32F1xx_HAL_Driver/Src/stm32f1xx_ll_crc.c
Compiling repos/apache-mynewt-core/hw/mcu/stm/stm32f1xx/src/ext/Drivers/STM32F1xx_HAL_Driver/Src/stm32f1xx_ll_dac.c
Compiling repos/apache-mynewt-core/hw/mcu/stm/stm32f1xx/src/ext/Drivers/STM32F1xx_HAL_Driver/Src/stm32f1xx_ll_dma.c
Compiling repos/apache-mynewt-core/hw/mcu/stm/stm32f1xx/src/ext/Drivers/STM32F1xx_HAL_Driver/Src/stm32f1xx_ll_exti.c
Compiling repos/apache-mynewt-core/hw/mcu/stm/stm32f1xx/src/ext/Drivers/STM32F1xx_HAL_Driver/Src/stm32f1xx_ll_gpio.c
Compiling repos/apache-mynewt-core/hw/mcu/stm/stm32f1xx/src/ext/Drivers/STM32F1xx_HAL_Driver/Src/stm32f1xx_ll_i2c.c
Compiling repos/apache-mynewt-core/hw/mcu/stm/stm32f1xx/src/ext/Drivers/STM32F1xx_HAL_Driver/Src/stm32f1xx_ll_fsmc.c
Compiling repos/apache-mynewt-core/hw/mcu/stm/stm32f1xx/src/ext/Drivers/STM32F1xx_HAL_Driver/Src/stm32f1xx_ll_pwr.c
Compiling repos/apache-mynewt-core/hw/mcu/stm/stm32f1xx/src/ext/Drivers/STM32F1xx_HAL_Driver/Src/stm32f1xx_ll_rcc.c
Compiling repos/apache-mynewt-core/hw/mcu/stm/stm32f1xx/src/ext/Drivers/STM32F1xx_HAL_Driver/Src/stm32f1xx_ll_rtc.c
Compiling repos/apache-mynewt-core/hw/mcu/stm/stm32f1xx/src/ext/Drivers/STM32F1xx_HAL_Driver/Src/stm32f1xx_ll_spi.c
Compiling repos/apache-mynewt-core/hw/mcu/stm/stm32f1xx/src/ext/Drivers/STM32F1xx_HAL_Driver/Src/stm32f1xx_ll_sdmmc.c
Compiling repos/apache-mynewt-core/hw/mcu/stm/stm32f1xx/src/ext/Drivers/STM32F1xx_HAL_Driver/Src/stm32f1xx_ll_tim.c
Compiling repos/apache-mynewt-core/hw/mcu/stm/stm32f1xx/src/ext/Drivers/STM32F1xx_HAL_Driver/Src/stm32f1xx_ll_usart.c
Compiling repos/apache-mynewt-core/hw/mcu/stm/stm32f1xx/src/hal_flash.c
Compiling repos/apache-mynewt-core/hw/mcu/stm/stm32f1xx/src/ext/Drivers/STM32F1xx_HAL_Driver/Src/stm32f1xx_ll_utils.c
Compiling repos/apache-mynewt-core/hw/mcu/stm/stm32f1xx/src/ext/Drivers/STM32F1xx_HAL_Driver/Src/stm32f1xx_ll_usb.c
Compiling repos/apache-mynewt-core/hw/mcu/stm/stm32f1xx/src/hal_reset_cause.c
Compiling repos/apache-mynewt-core/hw/mcu/stm/stm32f1xx/src/hal_timer_freq.c
Compiling repos/apache-mynewt-core/hw/sensor/src/sensor_shell.c
Compiling repos/apache-mynewt-core/hw/sensor/src/sensor_oic.c
Compiling repos/apache-mynewt-core/hw/sensor/creator/src/sensor_creator.c
Compiling repos/apache-mynewt-core/hw/sensor/src/sensor.c
Compiling repos/apache-mynewt-core/kernel/os/src/os.c
Compiling repos/apache-mynewt-core/kernel/os/src/endian.c
Compiling repos/apache-mynewt-core/kernel/os/src/os_callout.c
Compiling repos/apache-mynewt-core/kernel/os/src/os_cputime.c
Compiling repos/apache-mynewt-core/kernel/os/src/os_cputime_1mhz.c
Compiling repos/apache-mynewt-core/kernel/os/src/os_cputime_high.c
Compiling repos/apache-mynewt-core/kernel/os/src/os_dev.c
Compiling repos/apache-mynewt-core/kernel/os/src/os_eventq.c
Compiling repos/apache-mynewt-core/kernel/os/src/os_cputime_pwr2.c
Compiling repos/apache-mynewt-core/kernel/os/src/os_heap.c
Compiling repos/apache-mynewt-core/kernel/os/src/os_mbuf.c
Compiling repos/apache-mynewt-core/kernel/os/src/os_mempool.c
Compiling repos/apache-mynewt-core/kernel/os/src/os_msys.c
Compiling repos/apache-mynewt-core/kernel/os/src/os_mutex.c
Compiling repos/apache-mynewt-core/kernel/os/src/os_sanity.c
Compiling repos/apache-mynewt-core/kernel/os/src/os_sched.c
Compiling repos/apache-mynewt-core/kernel/os/src/os_sem.c
Compiling repos/apache-mynewt-core/kernel/os/src/os_stacktrace.c
Compiling repos/apache-mynewt-core/kernel/os/src/os_task.c
Assembling repos/apache-mynewt-core/kernel/os/src/arch/cortex_m3/m3/HAL_CM3.s
Compiling repos/apache-mynewt-core/kernel/os/src/os_time.c
Assembling repos/apache-mynewt-core/kernel/os/src/arch/cortex_m3/m3/SVC_Table.s
Compiling repos/apache-mynewt-core/kernel/os/src/arch/cortex_m3/os_arch_arm.c
Compiling repos/apache-mynewt-core/kernel/os/src/arch/cortex_m3/os_fault.c
Compiling repos/apache-mynewt-core/libc/baselibc/src/asprintf.c
Compiling repos/apache-mynewt-core/libc/baselibc/src/atoi.c
Compiling repos/apache-mynewt-core/libc/baselibc/src/atol.c
Compiling repos/apache-mynewt-core/libc/baselibc/src/atoll.c
Compiling repos/apache-mynewt-core/libc/baselibc/src/bsearch.c
Compiling repos/apache-mynewt-core/libc/baselibc/src/bzero.c
Compiling repos/apache-mynewt-core/libc/baselibc/src/calloc.c
Compiling repos/apache-mynewt-core/libc/baselibc/src/fgets.c
Compiling repos/apache-mynewt-core/libc/baselibc/src/jrand48.c
Compiling repos/apache-mynewt-core/libc/baselibc/src/inline.c
Compiling repos/apache-mynewt-core/libc/baselibc/src/lrand48.c
Compiling repos/apache-mynewt-core/libc/baselibc/src/malloc.c
Compiling repos/apache-mynewt-core/libc/baselibc/src/memccpy.c
Compiling repos/apache-mynewt-core/libc/baselibc/src/memchr.c
Compiling repos/apache-mynewt-core/libc/baselibc/src/memcmp.c
Compiling repos/apache-mynewt-core/libc/baselibc/src/memcpy.c
Compiling repos/apache-mynewt-core/libc/baselibc/src/memfile.c
Compiling repos/apache-mynewt-core/libc/baselibc/src/memmem.c
Compiling repos/apache-mynewt-core/libc/baselibc/src/memrchr.c
Compiling repos/apache-mynewt-core/libc/baselibc/src/memmove.c
Compiling repos/apache-mynewt-core/libc/baselibc/src/memset.c
Compiling repos/apache-mynewt-core/libc/baselibc/src/memswap.c
Compiling repos/apache-mynewt-core/libc/baselibc/src/mrand48.c
Compiling repos/apache-mynewt-core/libc/baselibc/src/mynewt.c
Compiling repos/apache-mynewt-core/libc/baselibc/src/nrand48.c
Compiling repos/apache-mynewt-core/libc/baselibc/src/qsort.c
Compiling repos/apache-mynewt-core/libc/baselibc/src/realloc.c
Compiling repos/apache-mynewt-core/libc/baselibc/src/sprintf.c
Compiling repos/apache-mynewt-core/libc/baselibc/src/srand48.c
Compiling repos/apache-mynewt-core/libc/baselibc/src/sscanf.c
Compiling repos/apache-mynewt-core/libc/baselibc/src/start.c
Compiling repos/apache-mynewt-core/libc/baselibc/src/strcasecmp.c
Compiling repos/apache-mynewt-core/libc/baselibc/src/strcat.c
Compiling repos/apache-mynewt-core/libc/baselibc/src/strchr.c
Compiling repos/apache-mynewt-core/libc/baselibc/src/strcmp.c
Compiling repos/apache-mynewt-core/libc/baselibc/src/strcpy.c
Compiling repos/apache-mynewt-core/libc/baselibc/src/strcspn.c
Compiling repos/apache-mynewt-core/libc/baselibc/src/strdup.c
Compiling repos/apache-mynewt-core/libc/baselibc/src/strlcat.c
Compiling repos/apache-mynewt-core/libc/baselibc/src/strlcpy.c
Compiling repos/apache-mynewt-core/libc/baselibc/src/strlen.c
Compiling repos/apache-mynewt-core/libc/baselibc/src/strncasecmp.c
Compiling repos/apache-mynewt-core/libc/baselibc/src/strncmp.c
Compiling repos/apache-mynewt-core/libc/baselibc/src/strncat.c
Compiling repos/apache-mynewt-core/libc/baselibc/src/strncpy.c
Compiling repos/apache-mynewt-core/libc/baselibc/src/strndup.c
Compiling repos/apache-mynewt-core/libc/baselibc/src/strnlen.c
Compiling repos/apache-mynewt-core/libc/baselibc/src/strntoimax.c
Compiling repos/apache-mynewt-core/libc/baselibc/src/strntoumax.c
Compiling repos/apache-mynewt-core/libc/baselibc/src/strpbrk.c
Compiling repos/apache-mynewt-core/libc/baselibc/src/strrchr.c
Compiling repos/apache-mynewt-core/libc/baselibc/src/strsep.c
Compiling repos/apache-mynewt-core/libc/baselibc/src/strspn.c
Compiling repos/apache-mynewt-core/libc/baselibc/src/strstr.c
Compiling repos/apache-mynewt-core/libc/baselibc/src/strtoimax.c
Compiling repos/apache-mynewt-core/libc/baselibc/src/strtok.c
Compiling repos/apache-mynewt-core/libc/baselibc/src/strtok_r.c
Compiling repos/apache-mynewt-core/libc/baselibc/src/strtol.c
Compiling repos/apache-mynewt-core/libc/baselibc/src/strtoll.c
Compiling repos/apache-mynewt-core/libc/baselibc/src/strtoul.c
Compiling repos/apache-mynewt-core/libc/baselibc/src/strtoull.c
Compiling repos/apache-mynewt-core/libc/baselibc/src/strtoumax.c
Compiling repos/apache-mynewt-core/libc/baselibc/src/vasprintf.c
Compiling repos/apache-mynewt-core/libc/baselibc/src/tinyprintf.c
Compiling repos/apache-mynewt-core/libc/baselibc/src/vprintf.c
Compiling repos/apache-mynewt-core/libc/baselibc/src/vsscanf.c
Compiling repos/apache-mynewt-core/libc/baselibc/src/vsprintf.c
Compiling libs/adc_stm32f1/src/adc_stm32f1.c
Compiling libs/bc95g/src/util.c
Compiling libs/adc_stm32f1/src/creator.c
Compiling libs/bc95g/src/MyBuffer.cpp
Compiling libs/bc95g/src/BufferedSerial.cpp
Compiling libs/bc95g/src/creator.cpp
Compiling libs/bc95g/src/ATParser.cpp
Compiling libs/bc95g/src/driver.cpp
Compiling libs/bc95g/src/transport.cpp
Compiling libs/hmac_prng/src/hmac_prng.c
Compiling libs/mynewt_rust/src/json_helper.c
Compiling libs/mynewt_rust/src/mynewt_rust.c
Compiling libs/rust_app/src/stub.c
Compiling libs/mynewt_rust/src/sensor_helper.c
Compiling libs/rust_libcore/src/stub.c
Compiling libs/semihosting_console/src/console.c
Compiling libs/semihosting_console/src/console_fmt.c
Compiling libs/semihosting_console/src/semihosting_console.c
Compiling libs/semihosting_console/src/ticks.c
Compiling libs/temp_stm32/src/creator.c
Compiling libs/temp_stm32/src/temp_stm32.c
Compiling libs/sensor_coap/src/sensor_coap.c
Compiling libs/sensor_network/src/sensor_network.c
Compiling repos/apache-mynewt-core/net/oic/src/api/oc_buffer.c
Compiling repos/apache-mynewt-core/net/oic/src/api/oc_core_res.c
Compiling repos/apache-mynewt-core/net/oic/src/api/oc_client_api.c
Compiling repos/apache-mynewt-core/net/oic/src/api/oc_helpers.c
Compiling repos/apache-mynewt-core/net/oic/src/api/oc_discovery.c
Compiling repos/apache-mynewt-core/net/oic/src/api/oc_main.c
Compiling repos/apache-mynewt-core/net/oic/src/api/oc_rep.c
Compiling repos/apache-mynewt-core/net/oic/src/api/oc_server_api.c
Compiling repos/apache-mynewt-core/net/oic/src/api/oc_ri.c
Compiling repos/apache-mynewt-core/net/oic/src/api/oc_uuid.c
Compiling repos/apache-mynewt-core/net/oic/src/messaging/coap/coap.c
Compiling repos/apache-mynewt-core/net/oic/src/messaging/coap/engine.c
Compiling repos/apache-mynewt-core/net/oic/src/messaging/coap/observe.c
Compiling repos/apache-mynewt-core/net/oic/src/messaging/coap/separate.c
Compiling repos/apache-mynewt-core/net/oic/src/messaging/coap/transactions.c
Compiling repos/apache-mynewt-core/net/oic/src/port/mynewt/adaptor.c
Compiling repos/apache-mynewt-core/net/oic/src/port/mynewt/abort.c
Compiling repos/apache-mynewt-core/net/oic/src/port/mynewt/ble_adaptor.c
Compiling repos/apache-mynewt-core/net/oic/src/port/mynewt/clock.c
Compiling repos/apache-mynewt-core/net/oic/src/port/mynewt/ip_adaptor.c
Compiling repos/apache-mynewt-core/net/oic/src/port/mynewt/ip4_adaptor.c
Compiling repos/apache-mynewt-core/net/oic/src/port/mynewt/conns.c
Compiling repos/apache-mynewt-core/net/oic/src/port/mynewt/log.c
Compiling repos/apache-mynewt-core/net/oic/src/port/mynewt/random.c
Compiling repos/apache-mynewt-core/net/oic/src/port/mynewt/storage.c
Compiling repos/apache-mynewt-core/net/oic/src/port/mynewt/lora_adaptor.c
Compiling repos/apache-mynewt-core/net/oic/src/port/mynewt/serial_adaptor.c
Compiling repos/apache-mynewt-core/net/oic/src/security/oc_cred.c
Compiling repos/apache-mynewt-core/net/oic/src/security/oc_acl.c
Compiling repos/apache-mynewt-core/net/oic/src/security/oc_dtls.c
Compiling repos/apache-mynewt-core/net/oic/src/security/oc_doxm.c
Compiling repos/apache-mynewt-core/net/oic/src/security/oc_store.c
Compiling repos/apache-mynewt-core/net/oic/src/security/oc_pstat.c
Compiling repos/apache-mynewt-core/net/oic/src/security/oc_svr.c
Compiling repos/apache-mynewt-core/sys/flash_map/src/flash_map.c
Compiling repos/apache-mynewt-core/sys/log/stub/src/log.c
Compiling repos/apache-mynewt-core/sys/log/modlog/src/modlog.c
Compiling repos/apache-mynewt-core/sys/mfg/src/mfg.c
Compiling repos/apache-mynewt-core/sys/sysdown/src/sysdown.c
Compiling repos/apache-mynewt-core/sys/sysinit/src/sysinit.c
Compiling repos/apache-mynewt-core/util/mem/src/mem.c
Compiling repos/apache-mynewt-core/util/rwlock/src/rwlock.c
Archiving apps_my_sensor_app.a
Archiving bluepill_my_sensor-sysinit-app.a
Archiving crypto_tinycrypt.a
Archiving encoding_cborattr.a
Archiving encoding_json.a
Archiving encoding_tinycbor.a
Archiving hw_bsp_bluepill.a
Archiving hw_cmsis-core.a
Archiving hw_drivers_adc.a
Archiving hw_drivers_uart.a
Archiving hw_drivers_uart_uart_hal.a
Archiving hw_hal.a
Archiving hw_mcu_stm_stm32_common.a
Archiving hw_mcu_stm_stm32f1xx.a
Archiving hw_sensor.a
Archiving hw_sensor_creator.a
Archiving kernel_os.a
Archiving libc_baselibc.a
Archiving libs_adc_stm32f1.a
Archiving libs_bc95g.a
Archiving libs_hmac_prng.a
Archiving libs_mynewt_rust.a
Archiving libs_rust_app.a
Archiving libs_rust_libcore.a
Archiving libs_semihosting_console.a
Archiving libs_sensor_coap.a
Archiving libs_sensor_network.a
Archiving libs_temp_stm32.a
Archiving net_oic.a
Archiving sys_flash_map.a
Archiving sys_log_modlog.a
Archiving sys_log_stub.a
Archiving sys_mfg.a
Archiving sys_sysdown.a
Archiving sys_sysinit.a
Archiving util_mem.a
Archiving util_rwlock.a
Linking c:/stm32bluepill-mynewt-sensor/bin/targets/bluepill_my_sensor/app/apps/my_sensor_app/my_sensor_app.elf
Target successfully built: targets/bluepill_my_sensor

c:\stm32bluepill-mynewt-sensor>newt\newt.exe size -v bluepill_my_sensor       
WARNING: Version mismatch in mcuboot:adf57829dc8cbeb5d33954dd4395b342e575213d; repository.yml:[1.3.0], version.yml:0.0.0
Size of Application Image: app
Mem FLASH: 0x8001000-0x8010000
Mem RAM: 0x20000000-0x20005000
  FLASH     RAM
    218     329 *fill*
   2147      24 apps_my_sensor_app.a
   1926       0 crypto_tinycrypt.a
    944       0 encoding_json.a
    730      64 hw_bsp_bluepill.a
     52       0 hw_cmsis-core.a
     32       0 hw_drivers_adc.a
    428       0 hw_drivers_uart_uart_hal.a
    154       0 hw_hal.a
   3174      84 hw_mcu_stm_stm32_common.a
   5970      32 hw_mcu_stm_stm32f1xx.a
      2       0 hw_sensor_creator.a
   1528     260 hw_sensor.a
   6796    8217 kernel_os.a
   2638      50 libc_baselibc.a
   1129     268 libs_adc_stm32f1.a
   4734    1411 libs_bc95g.a
    348     360 libs_hmac_prng.a
    677      40 libs_semihosting_console.a
    934     229 libs_sensor_coap.a
   1722    1324 libs_sensor_network.a
   1057     240 libs_temp_stm32.a
   2453     394 net_oic.a
    334     128 sys_flash_map.a
      2       0 sys_log_modlog.a
    686      29 sys_mfg.a
     30       5 sys_sysinit.a
     48       0 util_mem.a
    152       0 bluepill_my_sensor-sysinit-app.a
Loading compiler c:/stm32bluepill-mynewt-sensor/repos/apache-mynewt-core/compiler/arm-none-eabi-m3, buildProfile debug

objsize
   text    data     bss     dec     hex filename
  41762     244   13276   55282    d7f2 c:/stm32bluepill-mynewt-sensor/bin/targets/bluepill_my_sensor/app/apps/my_sensor_app/my_sensor_app.elf
✅ ◾ ️Done! 
