
> Executing task in folder pinetime-rust-mynewt: cmd /c " scripts\nrf52\image-app.cmd && echo ✅ ◾ ️Done! " <


c:\PineTime\pinetime-rust-mynewt>newt\newt.exe create-image -v nrf52_my_sensor 1.0.0
Loading compiler c:/PineTime/pinetime-rust-mynewt/repos/apache-mynewt-core/compiler/arm-none-eabi-m4, buildProfile debug
Compiling src in base directory: c:/PineTime/pinetime-rust-mynewt/apps/my_sensor_app/src
Loading compiler c:/PineTime/pinetime-rust-mynewt/repos/apache-mynewt-core/compiler/arm-none-eabi-m4, buildProfile debug
Loading compiler c:/PineTime/pinetime-rust-mynewt/repos/apache-mynewt-core/compiler/arm-none-eabi-m4, buildProfile debug
Compiling src in base directory: c:/PineTime/pinetime-rust-mynewt/repos/apache-mynewt-core/encoding/cborattr/src
Loading compiler c:/PineTime/pinetime-rust-mynewt/repos/apache-mynewt-core/compiler/arm-none-eabi-m4, buildProfile debug
Compiling src in base directory: c:/PineTime/pinetime-rust-mynewt/repos/apache-mynewt-core/encoding/json/src
Loading compiler c:/PineTime/pinetime-rust-mynewt/repos/apache-mynewt-core/compiler/arm-none-eabi-m4, buildProfile debug
Compiling src in base directory: c:/PineTime/pinetime-rust-mynewt/repos/apache-mynewt-core/encoding/tinycbor/src
Loading compiler c:/PineTime/pinetime-rust-mynewt/repos/apache-mynewt-core/compiler/arm-none-eabi-m4, buildProfile debug
Compiling src in base directory: c:/PineTime/pinetime-rust-mynewt/hw/bsp/nrf52/src
Compiling architecture specific src pkgs in directory: c:/PineTime/pinetime-rust-mynewt/hw/bsp/nrf52/src/arch/cortex_m4/
Loading compiler c:/PineTime/pinetime-rust-mynewt/repos/apache-mynewt-core/compiler/arm-none-eabi-m4, buildProfile debug
Compiling src in base directory: c:/PineTime/pinetime-rust-mynewt/repos/apache-mynewt-core/hw/cmsis-core/src
Loading compiler c:/PineTime/pinetime-rust-mynewt/repos/apache-mynewt-core/compiler/arm-none-eabi-m4, buildProfile debug
Compiling src in base directory: c:/PineTime/pinetime-rust-mynewt/repos/apache-mynewt-core/hw/hal/src
Loading compiler c:/PineTime/pinetime-rust-mynewt/repos/apache-mynewt-core/compiler/arm-none-eabi-m4, buildProfile debug
Compiling src in base directory: c:/PineTime/pinetime-rust-mynewt/repos/apache-mynewt-core/hw/mcu/nordic/src/ext/nrfx/
Loading compiler c:/PineTime/pinetime-rust-mynewt/repos/apache-mynewt-core/compiler/arm-none-eabi-m4, buildProfile debug
Compiling src in base directory: c:/PineTime/pinetime-rust-mynewt/repos/apache-mynewt-core/hw/mcu/nordic/nrf52xxx/src
Loading compiler c:/PineTime/pinetime-rust-mynewt/repos/apache-mynewt-core/compiler/arm-none-eabi-m4, buildProfile debug
Compiling src in base directory: c:/PineTime/pinetime-rust-mynewt/repos/apache-mynewt-core/hw/sensor/src
Loading compiler c:/PineTime/pinetime-rust-mynewt/repos/apache-mynewt-core/compiler/arm-none-eabi-m4, buildProfile debug
Compiling src in base directory: c:/PineTime/pinetime-rust-mynewt/repos/apache-mynewt-core/hw/sensor/creator/src
Loading compiler c:/PineTime/pinetime-rust-mynewt/repos/apache-mynewt-core/compiler/arm-none-eabi-m4, buildProfile debug
Compiling src in base directory: c:/PineTime/pinetime-rust-mynewt/repos/apache-mynewt-core/kernel/os/src
Compiling architecture specific src pkgs in directory: c:/PineTime/pinetime-rust-mynewt/repos/apache-mynewt-core/kernel/os/src/arch/cortex_m4/
Loading compiler c:/PineTime/pinetime-rust-mynewt/repos/apache-mynewt-core/compiler/arm-none-eabi-m4, buildProfile debug
Compiling src in base directory: c:/PineTime/pinetime-rust-mynewt/repos/apache-mynewt-core/libc/baselibc/src
Loading compiler c:/PineTime/pinetime-rust-mynewt/repos/apache-mynewt-core/compiler/arm-none-eabi-m4, buildProfile debug
Loading compiler c:/PineTime/pinetime-rust-mynewt/repos/apache-mynewt-core/compiler/arm-none-eabi-m4, buildProfile debug
Compiling src in base directory: c:/PineTime/pinetime-rust-mynewt/libs/mynewt_rust/src
Loading compiler c:/PineTime/pinetime-rust-mynewt/repos/apache-mynewt-core/compiler/arm-none-eabi-m4, buildProfile debug
Compiling src in base directory: c:/PineTime/pinetime-rust-mynewt/libs/rust_app/src
Loading compiler c:/PineTime/pinetime-rust-mynewt/repos/apache-mynewt-core/compiler/arm-none-eabi-m4, buildProfile debug
Compiling src in base directory: c:/PineTime/pinetime-rust-mynewt/libs/rust_libcore/src
Loading compiler c:/PineTime/pinetime-rust-mynewt/repos/apache-mynewt-core/compiler/arm-none-eabi-m4, buildProfile debug
Compiling src in base directory: c:/PineTime/pinetime-rust-mynewt/libs/semihosting_console/src
Loading compiler c:/PineTime/pinetime-rust-mynewt/repos/apache-mynewt-core/compiler/arm-none-eabi-m4, buildProfile debug
Compiling src in base directory: c:/PineTime/pinetime-rust-mynewt/libs/sensor_coap/src
Loading compiler c:/PineTime/pinetime-rust-mynewt/repos/apache-mynewt-core/compiler/arm-none-eabi-m4, buildProfile debug
Compiling src in base directory: c:/PineTime/pinetime-rust-mynewt/libs/sensor_network/src
Loading compiler c:/PineTime/pinetime-rust-mynewt/repos/apache-mynewt-core/compiler/arm-none-eabi-m4, buildProfile debug
Compiling src in base directory: c:/PineTime/pinetime-rust-mynewt/libs/temp_stub/src
Loading compiler c:/PineTime/pinetime-rust-mynewt/repos/apache-mynewt-core/compiler/arm-none-eabi-m4, buildProfile debug
Compiling src in base directory: c:/PineTime/pinetime-rust-mynewt/repos/apache-mynewt-core/net/oic/src
Loading compiler c:/PineTime/pinetime-rust-mynewt/repos/apache-mynewt-core/compiler/arm-none-eabi-m4, buildProfile debug
Compiling src in base directory: c:/PineTime/pinetime-rust-mynewt/bin/targets/nrf52_my_sensor/generated/src
Loading compiler c:/PineTime/pinetime-rust-mynewt/repos/apache-mynewt-core/compiler/arm-none-eabi-m4, buildProfile debug
Loading compiler c:/PineTime/pinetime-rust-mynewt/repos/apache-mynewt-core/compiler/arm-none-eabi-m4, buildProfile debug
Compiling src in base directory: c:/PineTime/pinetime-rust-mynewt/repos/apache-mynewt-core/sys/flash_map/src
Loading compiler c:/PineTime/pinetime-rust-mynewt/repos/apache-mynewt-core/compiler/arm-none-eabi-m4, buildProfile debug
Loading compiler c:/PineTime/pinetime-rust-mynewt/repos/apache-mynewt-core/compiler/arm-none-eabi-m4, buildProfile debug
Compiling src in base directory: c:/PineTime/pinetime-rust-mynewt/repos/apache-mynewt-core/sys/log/modlog/src
Loading compiler c:/PineTime/pinetime-rust-mynewt/repos/apache-mynewt-core/compiler/arm-none-eabi-m4, buildProfile debug
Compiling src in base directory: c:/PineTime/pinetime-rust-mynewt/repos/apache-mynewt-core/sys/log/stub/src
Loading compiler c:/PineTime/pinetime-rust-mynewt/repos/apache-mynewt-core/compiler/arm-none-eabi-m4, buildProfile debug
Compiling src in base directory: c:/PineTime/pinetime-rust-mynewt/repos/apache-mynewt-core/sys/mfg/src
Loading compiler c:/PineTime/pinetime-rust-mynewt/repos/apache-mynewt-core/compiler/arm-none-eabi-m4, buildProfile debug
Loading compiler c:/PineTime/pinetime-rust-mynewt/repos/apache-mynewt-core/compiler/arm-none-eabi-m4, buildProfile debug
Loading compiler c:/PineTime/pinetime-rust-mynewt/repos/apache-mynewt-core/compiler/arm-none-eabi-m4, buildProfile debug
Compiling src in base directory: c:/PineTime/pinetime-rust-mynewt/repos/apache-mynewt-core/sys/sysdown/src
Loading compiler c:/PineTime/pinetime-rust-mynewt/repos/apache-mynewt-core/compiler/arm-none-eabi-m4, buildProfile debug
Compiling src in base directory: c:/PineTime/pinetime-rust-mynewt/repos/apache-mynewt-core/sys/sysinit/src
Loading compiler c:/PineTime/pinetime-rust-mynewt/repos/apache-mynewt-core/compiler/arm-none-eabi-m4, buildProfile debug
Loading compiler c:/PineTime/pinetime-rust-mynewt/repos/apache-mynewt-core/compiler/arm-none-eabi-m4, buildProfile debug
Compiling src in base directory: c:/PineTime/pinetime-rust-mynewt/repos/apache-mynewt-core/util/mem/src
Loading compiler c:/PineTime/pinetime-rust-mynewt/repos/apache-mynewt-core/compiler/arm-none-eabi-m4, buildProfile debug
Compiling src in base directory: c:/PineTime/pinetime-rust-mynewt/repos/apache-mynewt-core/util/rwlock/src
Loading compiler c:/PineTime/pinetime-rust-mynewt/repos/apache-mynewt-core/compiler/arm-none-eabi-m4, buildProfile debug
App image successfully generated: c:/PineTime/pinetime-rust-mynewt/bin/targets/nrf52_my_sensor/app/apps/my_sensor_app/my_sensor_app.img
Mem FLASH: 0x8000-0x7bc00
Mem RAM: 0x20000000-0x20010000

c:\PineTime\pinetime-rust-mynewt>newt\newt.exe size -v nrf52_my_sensor
Size of Application Image: app
Mem FLASH: 0x8000-0x7bc00
Mem RAM: 0x20000000-0x20010000
  FLASH     RAM
    842     263 *fill*
     56       0 apps_my_sensor_app.a
    948       0 encoding_json.a
    440     444 hw_bsp_nrf52.a
     52       0 hw_cmsis-core.a
    154       0 hw_hal.a
   6526     153 hw_mcu_nordic_nrf52xxx.a
      2       0 hw_sensor_creator.a
   1516     260 hw_sensor.a
   6858   35692 kernel_os.a
   2350      50 libc_baselibc.a
    298       0 libs_mynewt_rust.a
 161002   10974 libs_rust_app.a
  36419       0 libs_rust_libcore.a
    736      42 libs_semihosting_console.a
    974     225 libs_sensor_coap.a
   1157     209 libs_sensor_network.a
    679     212 libs_temp_stub.a
   2397     394 net_oic.a
    334     128 sys_flash_map.a
      2       0 sys_log_modlog.a
    686      29 sys_mfg.a
     30       5 sys_sysinit.a
     48       0 util_mem.a
    140       0 nrf52_my_sensor-sysinit-app.a
Loading compiler c:/PineTime/pinetime-rust-mynewt/repos/apache-mynewt-core/compiler/arm-none-eabi-m4, buildProfile debug

objsize
   text    data     bss     dec     hex filename
 228096     236   48444  276776   43928 c:/PineTime/pinetime-rust-mynewt/bin/targets/nrf52_my_sensor/app/apps/my_sensor_app/my_sensor_app.elf
✅ ◾ ️Done! 

Terminal will be reused by tasks, press any key to close it.
