→ ~/PineTime/pinetime-rust-mynewt/scripts/install-mac.sh
Installing Apache Mynewt for macOS..
+ mynewt_version=mynewt_1_7_0_tag
+ nimble_version=nimble_1_2_0_tag
+ mcuboot_version=v1.3.1
+ echo '***** Installing brew...'
***** Installing brew...
+ brewdir=/usr/local
+ '[' '!' -e /usr/local/bin/brew ']'
+ '[' -e /Users/Luppy/homebrew/bin/brew ']'
+ echo '***** Installing wget and unzip...'
***** Installing wget and unzip...
+ '[' '!' -e /usr/local/bin/wget ']'
+ echo '***** Installing go...'
***** Installing go...
+ golangpath=/usr/local/bin
+ '[' '!' -e /usr/local/bin/go ']'
+ export GOROOT=
+ GOROOT=
+ go version
go version go1.12 darwin/amd64
+ echo '***** Installing newt...'
***** Installing newt...
+ '[' '!' -e /usr/local/bin/newt ']'
+ mynewtpath=/tmp/mynewt
+ '[' -d /tmp/mynewt ']'
+ mkdir /tmp/mynewt
+ pushd /tmp/mynewt
/tmp/mynewt /tmp/a
+ git clone --branch mynewt_1_7_0_tag https://github.com/apache/mynewt-newt/
Cloning into 'mynewt-newt'...
remote: Enumerating objects: 36, done.
remote: Counting objects: 100% (36/36), done.
remote: Compressing objects: 100% (20/20), done.
remote: Total 11483 (delta 16), reused 19 (delta 13), pack-reused 11447
Receiving objects: 100% (11483/11483), 11.42 MiB | 3.45 MiB/s, done.
Resolving deltas: 100% (7105/7105), done.
Checking connectivity... done.
Note: checking out '80bcba727dfe828dcb1f8da522f0502377d18fd4'.

You are in 'detached HEAD' state. You can look around, make experimental
changes and commit them, and you can discard any commits you make in this
state without impacting any branches by performing another checkout.

If you want to create a new branch to retain commits you create, you may
do so (now or later) by using -b with the checkout command again. Example:

  git checkout -b <new-branch-name>

+ cd mynewt-newt/
+ ./build.sh
Building newt.  This may take a minute...
Successfully built executable: /tmp/mynewt/mynewt-newt/newt/newt
+ sudo mv newt/newt /usr/local/bin
+ popd
/tmp/a
+ which newt
/usr/local/bin/newt
+ newt version
Apache Newt
   Version: 1.7.0
  Git Hash: 80bcba7
Build Date: 2020-01-10_15:25
+ set +x
✅ ◾ ️Done! Please restart Visual Studio Code to activate the extensions