→ ./scripts/stm32l4/flash-boot.sh 
+ openocd/bin/openocd -f scripts/flash-init.ocd -f interface/stlink-v2.cfg -f target/stm32l4x.cfg -f scripts/stm32l4/flash-boot.ocd
GNU MCU Eclipse 64-bit Open On-Chip Debugger 0.10.0+dev-00462-gdd1d90111 (2019-01-15-13:49)
Licensed under GNU GPL v2
For bug reports, read
        http://openocd.org/doc/doxygen/bugs.html
debug_level: 0
Setting flash size to 64 KB...
0x10000
WARNING: interface/stlink-v2.cfg is deprecated, please switch to interface/stlink.cfg
adapter speed: 500 kHz
adapter_nsrst_delay: 100
none separate
semihosting is enabled
Stopping Blue Pill...
adapter speed: 500 kHz
target halted due to debug-request, current mode: Thread 
xPSR: 0x01000000 pc: 0x0802a6f4 msp: 0x200015e8, semihosting

Current flash info...
#0 : stm32l4x.flash (stm32l4x) at 0x00000000, size 0x00000000, buswidth 0, chipwidth 0
flash 'stm32l4x' found at 0x08000000

Erasing Blue Pill...
stm32l4x mass erase complete

Unlocking Blue Pill...

Flashing Bootloader to Blue Pill...
auto erase enabled
auto unlock enabled
target halted due to breakpoint, current mode: Thread 
xPSR: 0x61000000 pc: 0x2000004e msp: 0x200015e8, semihosting
wrote 14336 bytes from file bin/targets/stm32l4_boot/app/apps/boot/boot.elf.bin in 0.726605s (19.268 KiB/s)
read 13508 bytes from file bin/targets/stm32l4_boot/app/apps/boot/boot.elf.bin and flash bank 0 at offset 0x00000000 in 0.287365s (45.905 KiB/s)
contents match

Restarting Blue Pill...
adapter speed: 500 kHz
target halted due to debug-request, current mode: Thread 
xPSR: 0x01000000 pc: 0x08000188 msp: 0x20010000, semihosting

**** Done!
