GNU MCU Eclipse 64-bit Open On-Chip Debugger 0.10.0+dev-00462-gdd1d90111 (2019-01-15-13:49)
Licensed under GNU GPL v2
For bug reports, read
	http://openocd.org/doc/doxygen/bugs.html
WARNING: interface/stlink-v2.cfg is deprecated, please switch to interface/stlink.cfg
Info : auto-selecting first available session transport "hla_swd". To override use 'transport select <transport>'.
Info : The selected transport took over low-level target control. The results might differ compared to plain JTAG/SWD
adapter speed: 1000 kHz
debug_level: 2
Info : Listening on port 6666 for tcl connections
Info : Listening on port 4444 for telnet connections
Info : clock speed 1000 kHz
Info : STLINK V2J17S4 (API v2) VID:PID 0483:3748
Info : Target voltage: 3.250895
Info : nrf52.cpu: hardware has 6 breakpoints, 4 watchpoints
Info : Listening on port 50000 for gdb connections
Info : accepting 'gdb' connection on tcp/50000
Info : nRF52832-QFAA(build code: E0) 512kB Flash
target halted due to debug-request, current mode: Thread 
xPSR: 0x01000000 pc: 0x000000d8 msp: 0x20010000
target halted due to debug-request, current mode: Thread 
xPSR: 0x01000000 pc: 0x000000d8 msp: 0x20010000
Enable ARM Semihosting to show debug output
semihosting is enabled
Warn : using fast async flash loader. This is currently supported
Warn : only with ST-Link and CMSIS-DAP. If you have issues, add
Warn : "set WORKAREASIZE 0" before sourcing nrf51.cfg/nrf52.cfg to disable it
target halted due to breakpoint, current mode: Thread 
xPSR: 0x61000000 pc: 0x2000001e msp: 0x20010000, semihosting
target halted due to debug-request, current mode: Thread 
xPSR: 0x01000000 pc: 0x000000d8 msp: 0x20010000, semihosting
target halted due to debug-request, current mode: Thread 
xPSR: 0x01000000 pc: 0x000000d8 msp: 0x20010000, semihosting
Info : halted: PC: 0x0001401e
TMP create temp_stub_0
NET hwid 4a f8 cf 95 6a be c1 f6 89 ba 12 1a 
NET standalone node 
Rust TMP poll
pixel block (60, 60), (150, 61)
pixel block (60, 62), (150, 63)
pixel block (60, 64), (150, 65)
pixel block (60, 66), (150, 67)
pixel block (60, 68), (150, 69)
pixel block (60, 70), (150, 71)
pixel block (60, 72), (150, 73)
pixel block (60, 74), (150, 75)
pixel block (60, 76), (150, 77)
pixel block (60, 78), (150, 79)
pixel block (60, 80), (150, 81)
pixel block (60, 82), (150, 83)
pixel block (60, 84), (150, 85)
pixel block (60, 86), (150, 87)
pixel block (60, 88), (150, 89)
pixel block (60, 90), (150, 91)
pixel block (60, 92), (150, 93)
pixel block (60, 94), (150, 95)
pixel block (60, 96), (150, 97)
pixel block (60, 98), (150, 99)
pixel block (60, 100), (150, 101)
pixel block (60, 102), (150, 103)
pixel block (60, 104), (150, 105)
pixel block (60, 106), (150, 107)
pixel block (60, 108), (150, 109)
pixel block (60, 110), (150, 111)
pixel block (60, 112), (150, 113)
pixel block (60, 114), (150, 115)
pixel block (60, 116), (150, 117)
pixel block (60, 118), (150, 119)
pixel block (60, 120), (150, 121)
pixel block (60, 122), (150, 123)
pixel block (60, 124), (150, 125)
pixel block (60, 126), (150, 127)
pixel block (60, 128), (150, 129)
pixel block (60, 130), (150, 131)
pixel block (60, 132), (150, 133)
pixel block (60, 134), (150, 135)
pixel block (60, 136), (150, 137)
pixel block (60, 138), (150, 139)
pixel block (60, 140), (150, 141)
pixel block (60, 142), (150, 143)
pixel block (60, 144), (150, 145)
pixel block (60, 146), (150, 147)
pixel block (60, 148), (150, 149)
pixel block (60, 150), (150, 150)
Rust touch sensor
STB read temp sensor
Rust send_sensor_data: t=1757
