pi@raspberrypi:~ $ meshctl
[meshctl]# discover-unprovisioned on
SetDiscoveryFilter success
Discovery started
Adapter property changed
[CHG] Controller DC:A6:32:2C:70:F1 Discovering: yes
		Mesh Provisioning Service (00001827-0000-1000-8000-00805f9b34fb)
			Device UUID: dddd0000000000000000000000000000
			OOB: 0000
[NEW] Device 39:F2:80:32:03:F2 nimble-mesh-node
[meshctl]# provision dddd0000000000000000000000000000
Trying to connect Device 39:F2:80:32:03:F2 nimble-mesh-node
Adapter property changed
[CHG] Controller DC:A6:32:2C:70:F1 Discovering: no
Connection successful
Service added /org/bluez/hci0/dev_39_F2_80_32_03_F2/service0006
Service added /org/bluez/hci0/dev_39_F2_80_32_03_F2/service0010
Char added /org/bluez/hci0/dev_39_F2_80_32_03_F2/service0010/char0011:
Char added /org/bluez/hci0/dev_39_F2_80_32_03_F2/service0010/char0013:
Services resolved yes
Found matching char: path /org/bluez/hci0/dev_39_F2_80_32_03_F2/service0010/char0011, uuid 00002adb-0000-1000-8000-00805f9b34fb
Found matching char: path /org/bluez/hci0/dev_39_F2_80_32_03_F2/service0010/char0013, uuid 00002adc-0000-1000-8000-00805f9b34fb
Start notification on /org/bluez/hci0/dev_39_F2_80_32_03_F2/service0010/char0013
Characteristic property changed /org/bluez/hci0/dev_39_F2_80_32_03_F2/service0010/char0013
AcquireNotify success: fd 7 MTU 256
Notify for Mesh Provisioning Out Data started
Open-Node: 0xf84480
Open-Prov: 0xf91370
Open-Prov: proxy 0xf8c520
Initiated provisioning
Characteristic property changed /org/bluez/hci0/dev_39_F2_80_32_03_F2/service0010/char0011
AcquireWrite success: fd 8 MTU 256
GATT-TX:	 03 00 10
GATT-RX:	 03 01 02 00 01 00 00 06 00 18 00 00 00
Got provisioning data (12 bytes)
	 01 02 00 01 00 00 06 00 18 00 00 00
GATT-TX:	 03 02 00 00 02 04 06
GATT-TX:	 03 03 94 d7 58 55 34 4e a0 8d 72 4c 64 68 4a c9
GATT-TX:	 bb e8 f8 c3 d3 37 65 6b a1 8d d2 8f 82 97 4c 85
GATT-TX:	 cb 34 de 45 8c 97 0b 53 86 b9 d8 fb 50 05 49 ef
GATT-TX:	 53 76 d6 89 02 05 a8 bf 9c ef f6 46 f5 c3 3f 79
GATT-TX:	 55 15
GATT-RX:	 03 03 03 92 51 98 7a 50 15 5f 9c 2f 3d ef 58 5a
GATT-RX:	 7b d0 67 58 9f c0 cf 9f 07 ff c6 84 c1 1f e0 a8
GATT-RX:	 33 ba 88 45 d0 fd 0c 60 42 68 5c 6e 71 58 b7 47
GATT-RX:	 9b 7f f6 c6 e6 42 a0 fd 85 e0 10 88 7b 51 fe 9e
GATT-RX:	 f7 3a
Got provisioning data (65 bytes)
	 03 03 92 51 98 7a 50 15 5f 9c 2f 3d ef 58 5a 7b
	 d0 67 58 9f c0 cf 9f 07 ff c6 84 c1 1f e0 a8 33
	 ba 88 45 d0 fd 0c 60 42 68 5c 6e 71 58 b7 47 9b
	 7f f6 c6 e6 42 a0 fd 85 e0 10 88 7b 51 fe 9e f7
	 3a
Request ASCII key (max characters 6)
[mesh] Enter key (ascii string): NEWQ7Y
GATT-TX:	 03 05 8e 47 33 76 99 cf 5b b2 33 52 08 e0 00 fd
GATT-TX:	 2f e5
GATT-RX:	 03 05 80 14 ad bd 41 d7 78 bb e4 1b 1d 68 a9 b2
GATT-RX:	 e1 d3
Got provisioning data (17 bytes)
	 05 80 14 ad bd 41 d7 78 bb e4 1b 1d 68 a9 b2 e1
	 d3
GATT-TX:	 03 06 40 27 73 ff 33 24 b6 1a 6f e0 3d 6d 09 23
GATT-TX:	 c7 d2
GATT-RX:	 03 06 e8 b9 33 d6 7d 72 7b f3 5a 22 a1 e7 f4 93
GATT-RX:	 45 7a
Got provisioning data (17 bytes)
	 06 e8 b9 33 d6 7d 72 7b f3 5a 22 a1 e7 f4 93 45
	 7a
Confirmation Validated
S-Key	 93 39 9e 3a 96 3f 9d 6e 5c 29 b3 bb d0 98 d4 fd
S-Nonce	 16 dd 0a bd 89 d9 bb 51 af d3 6b 2a b9
DevKey	 e1 5d 2a 4d ac 38 a7 e2 19 88 81 40 60 ce db 7e
Data	 18 ee d9 c2 a5 6a dd 85 04 9f fc 3c 59 ad 0e 12
Data	 00 00 00 00 00 00 05 01 06
DataEncrypted + mic	 7a 35 a8 c2 1c 25 36 04 a1 33 5e 81 05 ca 89 77
DataEncrypted + mic	 d7 03 1d 10 fe cd b5 33 9b ca 4f b0 1f 3e a4 78
DataEncrypted + mic	 bf
GATT-TX:	 03 07 7a 35 a8 c2 1c 25 36 04 a1 33 5e 81 05 ca
GATT-TX:	 89 77 d7 03 1d 10 fe cd b5 33 9b ca 4f b0 1f 3e
GATT-TX:	 a4 78 bf
GATT-RX:	 03 08
Got provisioning data (1 bytes)
	 08
Provision success. Assigned Primary Unicast 0106
Attempting to disconnect from 39:F2:80:32:03:F2
Characteristic property changed /org/bluez/hci0/dev_39_F2_80_32_03_F2/service0010/char0013
Write closed
Service added /org/bluez/hci0/dev_39_F2_80_32_03_F2/service000a
Char added /org/bluez/hci0/dev_39_F2_80_32_03_F2/service000a/char000b:
Char added /org/bluez/hci0/dev_39_F2_80_32_03_F2/service000a/char000d:
Services resolved no
[DEL] Device 39:F2:80:32:03:F2 nimble
SetDiscoveryFilter success
Discovery started
Adapter property changed
[CHG] Controller DC:A6:32:2C:70:F1 Discovering: yes

		Mesh Proxy Service (00001828-0000-1000-8000-00805f9b34fb)
		Identity for node 0106
Trying to connect to mesh
Adapter property changed
[CHG] Controller DC:A6:32:2C:70:F1 Discovering: no
Connection successful
Service added /org/bluez/hci0/dev_39_F2_80_32_03_F2/service0006
Service added /org/bluez/hci0/dev_39_F2_80_32_03_F2/service000a
Char added /org/bluez/hci0/dev_39_F2_80_32_03_F2/service000a/char000b:
Char added /org/bluez/hci0/dev_39_F2_80_32_03_F2/service000a/char000d:
Services resolved yes
Found matching char: path /org/bluez/hci0/dev_39_F2_80_32_03_F2/service000a/char000b, uuid 00002add-0000-1000-8000-00805f9b34fb
Found matching char: path /org/bluez/hci0/dev_39_F2_80_32_03_F2/service000a/char000d, uuid 00002ade-0000-1000-8000-00805f9b34fb
Start notification on /org/bluez/hci0/dev_39_F2_80_32_03_F2/service000a/char000d
Characteristic property changed /org/bluez/hci0/dev_39_F2_80_32_03_F2/service000a/char000d
AcquireNotify success: fd 7 MTU 256
Notify for Mesh Proxy Out Data started
Trying to open mesh session
GATT-RX:	 01 01 00 d4 76 79 43 3f db 10 4a 00 00 00 05 f4
GATT-RX:	 0a 41 fa b0 af 32 0b
iv_upd_state = IV_UPD_NORMAL
Mesh session is open
Characteristic property changed /org/bluez/hci0/dev_39_F2_80_32_03_F2/service000a/char000b
AcquireWrite success: fd 8 MTU 256
GATT-TX:	 02 f4 87 17 52 27 7b b5 c8 a3 a0 72 b9 74 f5 bc
GATT-TX:	 5f fc 7d aa
GATT-TX:	 00 f4 2f ae 09 54 87 a0 37 8d 74 69 f0 92 de a8
GATT-TX:	 a8 cf 66 46 9c 31
GATT-RX:	 02 f4 4c c2 7b 0a 9d 78 5e be db 7b 6f 74 a8 3f
GATT-RX:	 4f 22 96 25 e1 0e
Proxy Whitelist filter length: 0
GATT-RX:	 00 f4 02 39 1c d3 82 e6 6e ae cf 26 37 26 7e cb
GATT-RX:	 da 92 8c 66 93 f6 e9 60 71 22 78 22 70 80
GATT-RX:	 00 f4 42 08 40 44 2d 11 8a 91 b6 58 6e 7d d6 7c
GATT-RX:	 f6 be 64 92 18 b0 7b 8f 7b cd 91 c5 75 2c
GATT-RX:	 00 f4 70 6f 68 ce 87 e5 3f 1c 15 c0 f8 28 8b 5d
GATT-RX:	 20 c6 ff 07 46 e5 c4 8b f6 84 9c 1c a0 33
GATT-RX:	 00 f4 7f 7e 52 43 ae 02 8f 92 05 09 33 8b d4 89
GATT-RX:	 29 8d d7 8c bb f7 34 67 ca 28 4b 03 3b c3
GATT-RX:	 00 f4 57 6a 83 d4 cd 99 66 52 a4 35 c3 38 25 7d
GATT-RX:	 c4 8d 37 00 6f 31 9f 3b 46 df 71 29 7d 53
GATT-RX:	 00 f4 95 d7 5a 35 2a ce b7 5e b3 4e 6c 73 a5 f1
GATT-RX:	 be cd d6 e3 4d 10 01 63 ca 01 54 60 be 27
	Composition data for node 0106 {
  "cid":"05c3",
  "pid":"0000",
  "vid":"0000",
  "crpl":"0080",
  "features":{
    "relay":true,
    "proxy":true,
    "friend":false,
    "lpn":false
  },
  "elements":[
    {
      "elementIndex":0,
      "location":"0000",
      "models":[
        "0000",
        "0002",
        "1000",
        "1001",
        "1002",
        "1003",
        "1004",
        "1005",
        "1006",
        "1007",
        "1008",
        "1300",
        "1301",
        "1302",
        "1303",
        "1304",
        "1305",
        "05c34321"
      ]
    },
    {
      "elementIndex":1,
      "location":"0000",
      "models":[
        "1002",
        "1003",
        "1306"
      ]
    }
  ]
}
GATT-TX:	 00 f4 d2 d5 70 a5 73 0d 97 de 34 e2 d1 6d 26 2c
GATT-TX:	 c6 96 74 ab 73 9d 09 91 44
[nimble-Node-0106]# menu config
Menu config:
Available commands:
-------------------
target <unicast>                                  Set target node to configure
composition-get [page_num]                        Get composition data
netkey-add <net_idx>                              Add network key
netkey-del <net_idx>                              Delete network key
appkey-add <app_idx>                              Add application key
appkey-del <app_idx>                              Delete application key
bind <ele_idx> <app_idx> <mod_id> [cid]           Bind app key to a model
mod-appidx-get <ele_addr> <model id>              Get model app_idx
ttl-set <ttl>                                     Set default TTL
ttl-get                                           Get default TTL
pub-set <ele_addr> <pub_addr> <app_idx> <per (step|res)> <re-xmt (cnt|per)> <mod id> [cid]
						  Set publication
pub-get <ele_addr> <model>                        Get publication
proxy-set <proxy>                                 Set proxy state
proxy-get                                         Get proxy state
ident-set <net_idx> <state>                       Set node identity state
ident-get <net_idx>                               Get node identity state
beacon-set <state>                                Set node identity state
beacon-get                                        Get node beacon state
relay-set <relay> <rexmt count> <rexmt steps>     Set relay
relay-get                                         Get relay
hb-pub-set <pub_addr> <count> <period> <ttl> <features> <net_idx> Set heartbeat publish
hb-pub-get                                        Get heartbeat publish
hb-sub-set <src_addr> <dst_addr> <period>         Set heartbeat subscribe
hb-sub-get                                        Get heartbeat subscribe
sub-add <ele_addr> <sub_addr> <model id>          Add subscription
sub-get <ele_addr> <model id>                     Get subscription
node-reset                                        Reset a node and remove it from network
back                                              Return to main menu
version                                           Display version
quit                                              Quit program
exit                                              Quit program
help                                              Display help about this program
export                                            Print evironment variables
[nimble-Node-0106]# target 0106
Configuring node 0106
[config: Target = 0106]# appkey-add 1
GATT-TX:	 00 f4 1e 3c 33 dc a4 10 b7 c2 54 69 d3 d3 d0 fd
GATT-TX:	 d5 4d 81 8b 66 89 77 7b 9c 98 22 99 cb 21
GATT-TX:	 00 f4 57 07 d4 3a 7c 31 d7 47 d0 08 77 d9 f7 df
GATT-TX:	 08 14 cc 89 16 82 77 ff d0 0e 27 8a 10 3b
GATT-RX:	 00 f4 35 6c 13 a2 be 06 eb 73 a3 d7 de 6a b4 f9
GATT-RX:	 96 f6 93 d9 5f 6e 92 a6 4f
GATT-RX:	 00 f4 ca fc 09 23 9d 1a 93 90 6a 1d c9 1d fe 5d
GATT-RX:	 e4 9d 0b 72 80 d1 b4 72 14
Node 0106 AppKey status Success
NetKey	000
AppKey	001
[config: Target = 0106]# bind 0 1 1000
GATT-TX:	 00 f4 59 45 fd ce f9 48 10 0f 70 60 e7 b3 7d 2f
GATT-TX:	 66 fb e4 c5 f9 ae 31 10 30 c5 11
[config: Target = 0106]# bind 0 1 1001
GATT-TX:	 00 f4 b0 fb 11 8c e0 c4 29 2c c2 3e 83 33 cd 31
GATT-TX:	 f1 e6 3e 9b 99 38 5d ee 1b f5 86
[config: Target = 0106]# bind 0 1 1002
GATT-TX:	 00 f4 ed fb 35 55 33 36 b9 aa b9 88 60 4f 1b 1a
GATT-TX:	 65 04 ab 5c 7f 74 aa 83 31 10 9d
[config: Target = 0106]# bind 0 1 1003
GATT-TX:	 00 f4 c3 7d 6c 3b ae ea 55 ba af d3 5b 49 49 c4
GATT-TX:	 4f 2b ca f3 4c 3b 57 9d 8b 97 e5
[config: Target = 0106]# sub-add 0100 c000 1000
GATT-TX:	 00 f4 83 d6 8b 0f c1 bb 81 75 58 8d 3a e5 b5 63
GATT-TX:	 8f 15 dc c8 94 1c 39 26 da b9 35
[config: Target = 0106]# sub-add 0100 c000 1002
GATT-TX:	 00 f4 34 cf 31 c7 7f e8 4c 70 fb d0 4f 6f c9 55
GATT-TX:	 3a 49 86 df 6f 82 35 b1 1d 97 23
[config: Target = 0106]# pub-set 0100 c000 1 0 5 1001
GATT-TX:	 00 f4 85 0b 57 90 52 bf 41 41 d4 c9 19 57 e0 67
GATT-TX:	 47 9e 15 4f 16 90 75 e4 a1 f9 78 53 87 e8
GATT-TX:	 00 f4 51 00 45 cb 67 ac 64 6e b1 dd 47 63 9a 6d
GATT-TX:	 4f dc 2f 2e 40 f3
[config: Target = 0106]# pub-set 0100 c000 1 0 5 1003
GATT-TX:	 00 f4 e5 a6 da 83 77 13 6e 7a ec 50 99 3c a5 62
GATT-TX:	 4f 28 a4 1a 3b 70 64 f3 a9 a8 9d c0 60 a6
GATT-TX:	 00 f4 cd 5a b1 dc ba 18 3b 82 aa 9c ac 3a 8c e0
GATT-TX:	 0c 61 a1 91 5d 7d
GATT-RX:	 00 f4 e0 8f 72 e9 bd ca ca e0 2c d5 11 1f 37 f5
GATT-RX:	 c1 c6 b2 30 74 23 0b 2d fa 5f 1f 01
Node 0106 Model App status Success
Element Addr	0106
Model Id	1000
AppIdx		001
GATT-RX:	 00 f4 83 d9 28 69 9c 0d 4b 18 c3 c5 73 0a 91 e7
GATT-RX:	 aa c0 42 87 1f 46 b5 8d 6c 3b b6 d4
Node 0106 Model App status Success
Element Addr	0106
Model Id	1001
AppIdx		001
GATT-RX:	 00 f4 cd 74 88 cd 60 67 60 d9 45 37 61 5c db 60
GATT-RX:	 16 d3 07 e9 07 1d 8b 12 d9 80 aa 53
Node 0106 Model App status Success
Element Addr	0106
Model Id	1002
AppIdx		001
GATT-RX:	 00 f4 42 08 d4 b8 a9 11 7d a3 96 4d d8 a8 4b a1
GATT-RX:	 98 7f 7d cc 7c 1a 68 b9 f5 01 67 ac
Node 0106 Model App status Success
Element Addr	0106
Model Id	1003
AppIdx		001
GATT-RX:	 00 f4 2a b8 66 9b 6c 08 ee 5d 87 70 7c be 8c cc
GATT-RX:	 54 06 42 60 31 29 7e ea 5c 98 e0 61

Node 0106 Subscription status Invalid Address
GATT-RX:	 00 f4 d1 1d c6 6f e3 9f b1 cc 55 df 1f 21 cb 01
GATT-RX:	 93 83 98 bb ab 3c 50 97 33 c5 db 37

Node 0106 Subscription status Invalid Address
GATT-RX:	 00 f4 3e b9 12 71 07 04 2a 12 cc 95 a0 dc b2 e5
GATT-RX:	 39 32 1b 6d f1 d1 05 af f7
GATT-RX:	 00 f4 58 c1 75 c6 d9 cd 41 c2 80 ad 3a 40 95 3d
GATT-RX:	 5f 66 7b 36 00 07 59 8e 41 f0 4f 6e 65 32
GATT-RX:	 00 f4 95 a2 64 ce ed 82 aa bd 4e 64 b8 fe 86 d6
GATT-RX:	 11 61 a8 a1 6a 6e e7 0d 01 bf 69 20

Node 0106 Publication status Invalid Address
GATT-TX:	 00 f4 78 db 00 12 d1 66 fb ce b2 74 c5 52 12 06
GATT-TX:	 9a e8 bd 8d bb e5 7a 7b ab
GATT-RX:	 00 f4 c8 78 b1 e7 2a fa 0d 62 c8 87 16 d9 97 fb
GATT-RX:	 bd cb c4 03 4e 68 38 1a c7
GATT-RX:	 00 f4 3d 7f fa 86 f4 77 f2 8d de 6f 0c 2b 1e 9f
GATT-RX:	 d3 f9 bf 84 0d 99 ff a3 dd 8e 2c 0b 98 dc
GATT-RX:	 00 f4 ab 19 fe c1 8c 9d 48 f2 50 c6 82 2a b6 07
GATT-RX:	 11 b0 62 b9 59 59 13 3b 2e d6 d6 55

Node 0106 Publication status Invalid Address
GATT-TX:	 00 f4 a2 29 ab d6 62 3e b7 73 76 c2 50 c6 d4 a0
GATT-TX:	 97 e3 7c db 85 df 62 36 11
[config: Target = 0106]# sub-add 0106 c000 1000
GATT-TX:	 00 f4 73 c8 f1 54 ee 34 ac 91 31 bf 9b 43 28 4a
GATT-TX:	 d2 91 48 a7 31 ba 43 44 39 34 4a
[config: Target = 0106]# sub-add 0106 c000 1002
GATT-TX:	 00 f4 d8 c4 86 a4 10 12 94 90 5c d8 c9 8a 3b d9
GATT-TX:	 0e eb a1 3a fd 53 c3 82 57 7b a2
[config: Target = 0106]# pub-set 0106 c000 1 0 5 1001
GATT-TX:	 00 f4 96 14 0d 07 7b 4c 6f 7c 4f 3b d1 6e ef 8a
GATT-TX:	 fe f3 28 56 f6 3e 8a 29 95 23 b9 5a cf 97
GATT-TX:	 00 f4 e0 55 2b 70 71 1e d7 bf 06 fb 37 e6 08 37
GATT-TX:	 66 ae 9d bf a8 46
[config: Target = 0106]# pub-set 0106 c000 1 0 5 1003
GATT-TX:	 00 f4 d5 7f 10 be 97 c5 13 7e af 84 b7 c2 f0 00
GATT-TX:	 74 4f a8 42 e7 f9 1b 41 1a aa b3 47 6f fc
GATT-TX:	 00 f4 9f dc 1e 6e a8 c2 7b 62 29 93 9b 83 5d e8
GATT-TX:	 8b 09 d4 b1 24 55
GATT-RX:	 00 f4 ec aa 36 29 44 5e f1 0d 39 aa 94 41 6c e4
GATT-RX:	 cb 50 bd 54 e5 d5 99 e9 5d 9d 68 ee

Node 0106 Subscription status Success
Element Addr	0106
Model Id	1000
Subscr Addr	c000
GATT-RX:	 00 f4 6a 56 17 e7 04 b3 bc 05 3d 11 da 3c a9 bc
GATT-RX:	 b5 5d 92 37 b3 3f a8 e3 af 9e ee 45

Node 0106 Subscription status Success
Element Addr	0106
Model Id	1002
Subscr Addr	c000
GATT-RX:	 00 f4 96 46 84 c0 da a8 9e 87 e4 78 47 21 2a 59
GATT-RX:	 12 9a b6 2d 68 ea 8e d0 68
GATT-RX:	 00 f4 c7 9d 32 db cd 66 13 3e 5c 54 08 c5 ba 6b
GATT-RX:	 54 d0 d1 50 b6 db 19 80 4b ef f9 9b 60 ea
GATT-RX:	 00 f4 b7 1d 60 4a e7 5c 00 51 0e fd a9 bd dc e0
GATT-RX:	 a3 71 0e a9 42 a7 84 3d 8f d5 44 97

Node 0106 Publication status Success
Element Addr	0106
Model Id	1001
Pub Addr	c000
Period		0 ms
Rexmit count	0
Rexmit steps	5
GATT-TX:	 00 f4 de 3d 78 66 8d 8b 28 72 5a e2 80 94 b6 4b
GATT-TX:	 d8 f8 a0 d1 5d 9c 7f e8 0e
GATT-RX:	 00 f4 76 b5 7f a6 d7 b7 fd 50 81 26 18 53 c3 df
GATT-RX:	 5c 1b 0c b8 5e ba 68 d8 e5
GATT-RX:	 00 f4 b6 85 b7 b9 61 45 3e 7a 76 2e 92 0c 56 9a
GATT-RX:	 b7 b0 8d f3 fd 55 4d ba db 60 e4 a9 32 6e
GATT-RX:	 00 f4 3b 4e b5 5e 98 80 3b f3 82 26 64 f9 c8 c2
GATT-RX:	 23 80 54 f4 98 70 23 ee 2e 42 71 a8

Node 0106 Publication status Success
Element Addr	0106
Model Id	1003
Pub Addr	c000
Period		0 ms
Rexmit count	0
Rexmit steps	5
GATT-TX:	 00 f4 9b 55 d0 85 b1 52 45 fb 26 53 5e 07 36 69
GATT-TX:	 5d 77 53 9f f5 b1 c4 76 28
[config: Target = 0106]# back
Menu main:
Available commands:
-------------------
config                                            Configuration Model Submenu
onoff                                             On/Off Model Submenu
list                                              List available controllers
show [ctrl]                                       Controller information
select <ctrl>                                     Select default controller
security [0(low)/1(medium)/2(high)]               Display or change provision security level
info [dev]                                        Device information
connect [net_idx] [dst]                           Connect to mesh network or node on network
discover-unprovisioned <on/off>                   Look for devices to provision
provision <uuid>                                  Initiate provisioning
power <on/off>                                    Set controller power
disconnect [dev]                                  Disconnect device
mesh-info                                         Mesh networkinfo (provisioner)
local-info                                        Local mesh node info
menu <name>                                       Select submenu
version                                           Display version
quit                                              Quit program
exit                                              Quit program
help                                              Display help about this program
export                                            Print evironment variables
[config: Target = 0106]# menu onoff
Menu onoff:
Available commands:
-------------------
target <unicast>                                  Set node to configure
get                                               Get ON/OFF status
onoff <0/1>                                       Send "SET ON/OFF" command
back                                              Return to main menu
version                                           Display version
quit                                              Quit program
exit                                              Quit program
help                                              Display help about this program
export                                            Print evironment variables
[config: Target = 0106]# target 0106
Controlling ON/OFF for node 0106
[on/off: Target = 0106]# onoff 1
GATT-TX:	 00 f4 53 af a0 69 b5 35 9c 65 4f 0c 8a ce 0a a8
GATT-TX:	 db dc 4c a3 e4 83 28
[on/off: Target = 0106]# get
GATT-TX:	 00 f4 62 79 91 23 7e dd 51 ef 2f 6d 43 e2 1e 1f
GATT-TX:	 87 b8 70 29 1e
[on/off: Target = 0106]# onoff 0
GATT-TX:	 00 f4 4b 8d cb 6d 98 53 fb 37 4a e8 ff 0a 2a c8
GATT-TX:	 89 f6 f7 e6 86 15 29
[on/off: Target = 0106]# get
GATT-TX:	 00 f4 b3 42 1f c6 14 c7 1f 64 59 8f b7 7a 0f 07
GATT-TX:	 a7 90 74 58 14
GATT-RX:	 00 f4 05 c5 eb d2 4c 04 b5 31 80 7f 45 16 37 eb
GATT-RX:	 65 fb 6d 6b 56 0d
On Off Model Message received (1) opcode 8204
	 01

GATT-RX:	 00 f4 6d 46 83 21 f0 e9 a2 db cb 8f b5 3d 8e e5
GATT-RX:	 b9 da 49 d6 a9 93
On Off Model Message received (1) opcode 8204
	 01

GATT-RX:	 00 f4 3a 71 2e 68 8e 5b c7 c7 28 6b 0f aa 2c 4b
GATT-RX:	 9f 51 16 48 e6 bd
On Off Model Message received (1) opcode 8204
	 00

GATT-RX:	 00 f4 ae 33 4b c4 67 d5 f8 3c 98 43 e8 06 cf 65
GATT-RX:	 7a 29 c3 7e 75 bb
On Off Model Message received (1) opcode 8204
	 00

[on/off: Target = 0106]#