GNU MCU Eclipse 64-bit Open On-Chip Debugger 0.10.0+dev-00462-gdd1d90111 (2019-01-15-13:49)
Licensed under GNU GPL v2
For bug reports, read
	http://openocd.org/doc/doxygen/bugs.html
WARNING: interface/stlink-v2.cfg is deprecated, please switch to interface/stlink.cfg
Info : auto-selecting first available session transport "hla_swd". To override use 'transport select <transport>'.
Info : The selected transport took over low-level target control. The results might differ compared to plain JTAG/SWD
adapter speed: 1000 kHz
debug_level: 2
Info : Listening on port 6666 for tcl connections
Info : Listening on port 4444 for telnet connections
Info : clock speed 1000 kHz
Info : STLINK V2J17S4 (API v2) VID:PID 0483:3748
Info : Target voltage: 3.253616
Info : nrf52.cpu: hardware has 6 breakpoints, 4 watchpoints
Info : Listening on port 50000 for gdb connections
Info : accepting 'gdb' connection on tcp/50000
Info : nRF52832-QFAA(build code: E0) 512kB Flash
target halted due to debug-request, current mode: Thread 
xPSR: 0x01000000 pc: 0x000000d8 msp: 0x20010000
target halted due to debug-request, current mode: Thread 
xPSR: 0x01000000 pc: 0x000000d8 msp: 0x20010000
Enable ARM Semihosting to show debug output
semihosting is enabled
Warn : using fast async flash loader. This is currently supported
Warn : only with ST-Link and CMSIS-DAP. If you have issues, add
Warn : "set WORKAREASIZE 0" before sourcing nrf51.cfg/nrf52.cfg to disable it
target halted due to breakpoint, current mode: Thread 
xPSR: 0x61000000 pc: 0x2000001e msp: 0x20010000, semihosting
target halted due to debug-request, current mode: Thread 
xPSR: 0x01000000 pc: 0x000000d8 msp: 0x20010000, semihosting
target halted due to debug-request, current mode: Thread 
xPSR: 0x01000000 pc: 0x000000d8 msp: 0x20010000, semihosting
Info : halted: PC: 0x00008ede
TMP create temp_stub_0
NET hwid 4a f8 cf 95 6a be c1 f6 89 ba 12 1a 
NET standalone node 
Rust TMP poll
//  Initialise Display: st7735_lcd::init()
spi cmd 01 
spi data 
spi cmd 11 
spi data 
spi cmd b1 
spi data 01 2c 2d 
spi cmd b2 
spi data 01 2c 2d 
spi cmd b3 
spi data 01 2c 2d 01 2c 2d 
spi cmd b4 
spi data 07 
spi cmd c0 
spi data a2 02 84 
spi cmd c1 
spi data c5 
spi cmd c2 
spi data 0a 00 
spi cmd c3 
spi data 8a 2a 
spi cmd c4 
spi data 8a ee 
spi cmd c5 
spi data 0e 
spi cmd 21 
spi data 
spi cmd 36 
spi data 00 
spi cmd 3a 
spi data 05 
spi cmd 29 
spi data 
//  Set Orientation: st7735_lcd::set_orientation()
spi cmd 36 
spi data 60 
//  Set Address Window Columns (CASET): st7735_lcd::draw() → set_pixel() → set_address_window()
spi cmd 2a 
spi data 00 00 00 13 
//  Set Address Window Rows (RASET): st7735_lcd::draw() → set_pixel() → set_address_window()
spi cmd 2b 
spi data 00 00 00 00 
//  Write Pixels (RAMWR): st7735_lcd::draw() → set_pixel()
spi cmd 2c 
spi data 87 e0 87 e0 87 e0 87 e0 87 e0 87 e0 87 e0 87 e0 87 e0 87 e0 87 e0 87 e0 87 e0 87 e0 87 e0 87 e0 87 e0 87 e0 87 e0 87 e0 
//  Set Address Window Columns (CASET): st7735_lcd::draw() → set_pixel() → set_address_window()
spi cmd 2a 
spi data 00 14 00 27 
//  Set Address Window Rows (RASET): st7735_lcd::draw() → set_pixel() → set_address_window()
spi cmd 2b 
spi data 00 00 00 00 
//  Write Pixels (RAMWR): st7735_lcd::draw() → set_pixel()
spi cmd 2c 
spi data 87 e0 87 e0 87 e0 87 e0 87 e0 87 e0 87 e0 87 e0 87 e0 87 e0 87 e0 87 e0 87 e0 87 e0 87 e0 87 e0 87 e0 87 e0 87 e0 87 e0 
spi cmd 2a 
spi data 00 28 00 3b 
spi cmd 2b 
spi data 00 00 00 00 
spi cmd 2c 
spi data 87 e0 87 e0 87 e0 87 e0 87 e0 87 e0 87 e0 87 e0 87 e0 87 e0 87 e0 87 e0 87 e0 87 e0 87 e0 87 e0 87 e0 87 e0 87 e0 87 e0 
spi cmd 2a 
spi data 00 3c 00 4f 
spi cmd 2b 
spi data 00 00 00 00 
spi cmd 2c 
spi data 87 e0 87 e0 87 e0 87 e0 87 e0 87 e0 87 e0 87 e0 87 e0 87 e0 87 e0 87 e0 87 e0 87 e0 87 e0 87 e0 87 e0 87 e0 87 e0 87 e0 
spi cmd 2a 
spi data 00 50 00 63 
spi cmd 2b 
spi data 00 00 00 00 
spi cmd 2c 
spi data 87 e0 87 e0 87 e0 87 e0 87 e0 87 e0 87 e0 87 e0 87 e0 87 e0 87 e0 87 e0 87 e0 87 e0 87 e0 87 e0 87 e0 87 e0 87 e0 87 e0 
spi cmd 2a 
spi data 00 64 00 77 
spi cmd 2b 
spi data 00 00 00 00 
spi cmd 2c 
spi data 87 e0 87 e0 87 e0 87 e0 87 e0 87 e0 87 e0 87 e0 87 e0 87 e0 87 e0 87 e0 87 e0 87 e0 87 e0 87 e0 87 e0 87 e0 87 e0 87 e0 
spi cmd 2a 
spi data 00 78 00 8b 
spi cmd 2b 
spi data 00 00 00 00 
spi cmd 2c 
spi data 87 e0 87 e0 87 e0 87 e0 87 e0 87 e0 87 e0 87 e0 87 e0 87 e0 87 e0 87 e0 87 e0 87 e0 87 e0 87 e0 87 e0 87 e0 87 e0 87 e0 
spi cmd 2a 
spi data 00 8c 00 9f 
spi cmd 2b 
spi data 00 00 00 00 
spi cmd 2c 
spi data 87 e0 87 e0 87 e0 87 e0 87 e0 87 e0 87 e0 87 e0 87 e0 87 e0 87 e0 87 e0 87 e0 87 e0 87 e0 87 e0 87 e0 87 e0 87 e0 87 e0 
spi cmd 2a 
spi data 00 a0 00 b3 
spi cmd 2b 
spi data 00 00 00 00 
spi cmd 2c 
spi data 87 e0 87 e0 87 e0 87 e0 87 e0 87 e0 87 e0 87 e0 87 e0 87 e0 87 e0 87 e0 87 e0 87 e0 87 e0 87 e0 87 e0 87 e0 87 e0 87 e0 
spi cmd 2a 
spi data 00 b4 00 c7 
spi cmd 2b 
spi data 00 00 00 00 
spi cmd 2c 
spi data 87 e0 87 e0 87 e0 87 e0 87 e0 87 e0 87 e0 87 e0 87 e0 87 e0 87 e0 87 e0 87 e0 87 e0 87 e0 87 e0 87 e0 87 e0 87 e0 87 e0 
spi cmd 2a 
spi data 00 c8 00 db 
spi cmd 2b 
spi data 00 00 00 00 
spi cmd 2c 
spi data 87 e0 87 e0 87 e0 87 e0 87 e0 87 e0 87 e0 87 e0 87 e0 87 e0 87 e0 87 e0 87 e0 87 e0 87 e0 87 e0 87 e0 87 e0 87 e0 87 e0 
spi cmd 2a 
spi data 00 dc 00 ef 
spi cmd 2b 
spi data 00 00 00 00 
spi cmd 2c 
spi data 87 e0 87 e0 87 e0 87 e0 87 e0 87 e0 87 e0 87 e0 87 e0 87 e0 87 e0 87 e0 87 e0 87 e0 87 e0 87 e0 87 e0 87 e0 87 e0 87 e0 
spi cmd 2a 
spi data 00 00 00 13 
spi cmd 2b 
spi data 00 01 00 01 
spi cmd 2c 
spi data 87 e0 87 e0 87 e0 87 e0 87 e0 87 e0 87 e0 87 e0 87 e0 87 e0 87 e0 87 e0 87 e0 87 e0 87 e0 87 e0 87 e0 87 e0 87 e0 87 e0 
spi cmd 2a 
spi data 00 14 00 27 
spi cmd 2b 
spi data 00 01 00 01 
spi cmd 2c 
spi data 87 e0 87 e0 87 e0 87 e0 87 e0 87 e0 87 e0 87 e0 87 e0 87 e0 87 e0 87 e0 87 e0 87 e0 87 e0 87 e0 87 e0 87 e0 87 e0 87 e0 
spi cmd 2a 
spi data 00 28 00 3b 
spi cmd 2b 
spi data 00 01 00 01 
spi cmd 2c 
spi data 87 e0 87 e0 87 e0 87 e0 87 e0 87 e0 87 e0 87 e0 87 e0 87 e0 87 e0 87 e0 87 e0 87 e0 87 e0 87 e0 87 e0 87 e0 87 e0 87 e0 
spi cmd 2a 
spi data 00 3c 00 4f 
spi cmd 2b 
spi data 00 01 00 01 
spi cmd 2c 
spi data 87 e0 87 e0 87 e0 87 e0 87 e0 87 e0 87 e0 87 e0 87 e0 87 e0 87 e0 87 e0 87 e0 87 e0 87 e0 87 e0 87 e0 87 e0 87 e0 87 e0 
spi cmd 2a 
spi data 00 50 00 63 
spi cmd 2b 
spi data 00 01 00 01 
spi cmd 2c 
spi data 87 e0 87 e0 87 e0 87 e0 87 e0 87 e0 87 e0 87 e0 87 e0 87 e0 87 e0 87 e0 87 e0 87 e0 87 e0 87 e0 87 e0 87 e0 87 e0 87 e0 
spi cmd 2a 
spi data 00 64 00 77 
spi cmd 2b 
spi data 00 01 00 01 
spi cmd 2c 
spi data 87 e0 87 e0 87 e0 87 e0 87 e0 87 e0 87 e0 87 e0 87 e0 87 e0 87 e0 87 e0 87 e0 87 e0 87 e0 87 e0 87 e0 87 e0 87 e0 87 e0 
spi cmd 2a 
spi data 00 78 00 8b 
spi cmd 2b 
spi data 00 01 00 01 
spi cmd 2c 
spi data 87 e0 87 e0 87 e0 87 e0 87 e0 87 e0 87 e0 87 e0 87 e0 87 e0 87 e0 87 e0 87 e0 87 e0 87 e0 87 e0 87 e0 87 e0 87 e0 87 e0 
spi cmd 2a 
spi data 00 8c 00 9f 
spi cmd 2b 
spi data 00 01 00 01 
spi cmd 2c 
spi data 87 e0 87 e0 87 e0 87 e0 87 e0 87 e0 87 e0 87 e0 87 e0 87 e0 87 e0 87 e0 87 e0 87 e0 87 e0 87 e0 87 e0 87 e0 87 e0 87 e0 
spi cmd 2a 
spi data 00 a0 00 b3 
spi cmd 2b 
spi data 00 01 00 01 
spi cmd 2c 
spi data 87 e0 87 e0 87 e0 87 e0 87 e0 87 e0 87 e0 87 e0 87 e0 87 e0 87 e0 87 e0 87 e0 87 e0 87 e0 87 e0 87 e0 87 e0 87 e0 87 e0 
spi cmd 2a 
spi data 00 b4 00 c7 
spi cmd 2b 
spi data 00 01 00 01 
spi cmd 2c 
spi data 87 e0 87 e0 87 e0 87 e0 87 e0 87 e0 87 e0 87 e0 87 e0 87 e0 87 e0 87 e0 87 e0 87 e0 87 e0 87 e0 87 e0 87 e0 87 e0 87 e0 
spi cmd 2a 
spi data 00 c8 00 db 
spi cmd 2b 
spi data 00 01 00 01 
spi cmd 2c 
spi data 87 e0 87 e0 87 e0 87 e0 87 e0 87 e0 87 e0 87 e0 87 e0 87 e0 87 e0 87 e0 87 e0 87 e0 87 e0 87 e0 87 e0 87 e0 87 e0 87 e0 
spi cmd 2a 
spi data 00 dc 00 ef 
spi cmd 2b 
spi data 00 01 00 01 
spi cmd 2c 
spi data 87 e0 87 e0 87 e0 87 e0 87 e0 87 e0 87 e0 87 e0 87 e0 87 e0 87 e0 87 e0 87 e0 87 e0 87 e0 87 e0 87 e0 87 e0 87 e0 87 e0 
spi cmd 2a 
spi data 00 00 00 13 
spi cmd 2b 
spi data 00 02 00 02 
spi cmd 2c 
spi data 87 e0 87 e0 87 e0 87 e0 87 e0 87 e0 87 e0 87 e0 87 e0 87 e0 87 e0 87 e0 87 e0 87 e0 87 e0 87 e0 87 e0 87 e0 87 e0 87 e0 
spi cmd 2a 
spi data 00 14 00 27 
spi cmd 2b 
spi data 00 02 00 02 